<?xml version="1.0" encoding="UTF-8"?>
<!-- Generated by org.testng.reporters.JUnitReportReporter -->
<testsuite skipped="0" hostname="DESKTOP-QVOPDH4" name="testng_Feautures.Expected_Exceptions_Concept" tests="1" failures="0" timestamp="2022-12-13T15:07:07 IST" time="0.010" errors="0">
  <testcase name="exceptions" time="0.010" classname="testng_Feautures.Expected_Exceptions_Concept"/>
  <system-out/>
</testsuite> <!-- testng_Feautures.Expected_Exceptions_Concept -->
