<?xml version="1.0" encoding="UTF-8"?>
<!-- Generated by org.testng.reporters.JUnitReportReporter -->
<testsuite skipped="0" hostname="DESKTOP-QVOPDH4" name="testng_Feautures.Grouping_Concept" tests="6" failures="0" timestamp="2022-12-12T16:59:15 IST" time="0.016" errors="0">
  <testcase name="zoho" time="0.001" classname="testng_Feautures.Grouping_Concept"/>
  <system-out/>
  <testcase name="cappuccino" time="0.001" classname="testng_Feautures.Grouping_Concept"/>
  <system-out/>
  <testcase name="starbucks" time="0.001" classname="testng_Feautures.Grouping_Concept"/>
  <system-out/>
  <testcase name="capgemini" time="0.010" classname="testng_Feautures.Grouping_Concept"/>
  <system-out/>
  <testcase name="ciclo" time="0.002" classname="testng_Feautures.Grouping_Concept"/>
  <system-out/>
  <testcase name="ust_Global" time="0.001" classname="testng_Feautures.Grouping_Concept"/>
  <system-out/>
</testsuite> <!-- testng_Feautures.Grouping_Concept -->
