<?xml version="1.0" encoding="UTF-8"?>
<!-- Generated by org.testng.reporters.JUnitReportReporter -->
<testsuite skipped="0" hostname="DESKTOP-QVOPDH4" name="testng_Feautures.dependency_Concept" tests="3" failures="0" timestamp="2022-12-12T17:00:18 IST" time="0.012" errors="0">
  <testcase name="polymorphism" time="0.001" classname="testng_Feautures.dependency_Concept"/>
  <system-out/>
  <testcase name="abstraction" time="0.001" classname="testng_Feautures.dependency_Concept"/>
  <system-out/>
  <testcase name="methodOverloading" time="0.010" classname="testng_Feautures.dependency_Concept"/>
  <system-out/>
</testsuite> <!-- testng_Feautures.dependency_Concept -->
