<?xml version="1.0" encoding="UTF-8"?>
<!-- Generated by org.testng.reporters.JUnitReportReporter -->
<testsuite skipped="0" hostname="DESKTOP-QVOPDH4" name="testng_Feautures.Dataprovider_Concept" tests="2" failures="0" timestamp="2022-12-13T15:09:37 IST" time="0.009" errors="0">
  <testcase name="reservationForm" time="0.007" classname="testng_Feautures.Dataprovider_Concept"/>
  <system-out/>
  <testcase name="reservationForm" time="0.002" classname="testng_Feautures.Dataprovider_Concept"/>
  <system-out/>
</testsuite> <!-- testng_Feautures.Dataprovider_Concept -->
