<?xml version="1.0" encoding="UTF-8"?>
<!-- Generated by org.testng.reporters.JUnitReportReporter -->
<testsuite skipped="0" hostname="DESKTOP-QVOPDH4" name="testng_Feautures.Parallel_Test" tests="2" failures="0" timestamp="2022-12-13T15:12:29 IST" time="0.011" errors="0">
  <testcase name="amazon" time="0.010" classname="testng_Feautures.Parallel_Test"/>
  <system-out/>
  <testcase name="flipkart" time="0.001" classname="testng_Feautures.Parallel_Test"/>
  <system-out/>
</testsuite> <!-- testng_Feautures.Parallel_Test -->
