<?xml version="1.0" encoding="UTF-8"?>
<!-- Generated by org.testng.reporters.JUnitReportReporter -->
<testsuite skipped="0" hostname="DESKTOP-QVOPDH4" name="testng_Feautures.Simple_Annotation" tests="3" failures="0" timestamp="2022-12-08T14:28:02 IST" time="0.014" errors="0">
  <testcase name="example" time="0.003" classname="testng_Feautures.Simple_Annotation"/>
  <system-out/>
  <testcase name="devolpment_Lifecycle" time="0.008" classname="testng_Feautures.Simple_Annotation"/>
  <system-out/>
  <testcase name="framework" time="0.003" classname="testng_Feautures.Simple_Annotation"/>
  <system-out/>
</testsuite> <!-- testng_Feautures.Simple_Annotation -->
