<?xml version="1.0" encoding="UTF-8"?>
<!-- Generated by org.testng.reporters.JUnitReportReporter -->
<testsuite skipped="0" hostname="DESKTOP-QVOPDH4" name="testng_Feautures.Soft_Assert_Concept" tests="1" failures="0" timestamp="2022-12-13T15:16:11 IST" time="0.015" errors="0">
  <testcase name="eample1" time="0.015" classname="testng_Feautures.Soft_Assert_Concept"/>
  <system-out/>
</testsuite> <!-- testng_Feautures.Soft_Assert_Concept -->
