<?xml version="1.0" encoding="UTF-8"?>
<!-- Generated by org.testng.reporters.JUnitReportReporter -->
<testsuite skipped="1" hostname="DESKTOP-QVOPDH4" name="testng_Feautures.Ignore_Test" tests="4" failures="0" timestamp="2022-12-12T16:50:48 IST" time="0.012" errors="0">
  <testcase name="placement" time="0.010" classname="testng_Feautures.Ignore_Test"/>
  <system-out/>
  <testcase name="project" time="0.001" classname="testng_Feautures.Ignore_Test"/>
  <system-out/>
  <testcase name="software_Testing" time="0.001" classname="testng_Feautures.Ignore_Test"/>
  <system-out/>
  <testcase name="selenium" classname="testng_Feautures.Ignore_Test">
    <skipped/>
  </testcase> <!-- selenium -->
  <system-out/>
</testsuite> <!-- testng_Feautures.Ignore_Test -->
