<?xml version="1.0" encoding="UTF-8"?>
<!-- Generated by org.testng.reporters.JUnitReportReporter -->
<testsuite skipped="0" hostname="DESKTOP-QVOPDH4" name="testng_Feautures.Priority" tests="4" failures="0" timestamp="2022-12-08T15:38:12 IST" time="0.020" errors="0">
  <testcase name="System_Testing" time="0.008" classname="testng_Feautures.Priority"/>
  <system-out/>
  <testcase name="Integration_Testing" time="0.000" classname="testng_Feautures.Priority"/>
  <system-out/>
  <testcase name="unit_Testing" time="0.005" classname="testng_Feautures.Priority"/>
  <system-out/>
  <testcase name="unit_Testing" time="0.007" classname="testng_Feautures.Priority"/>
  <system-out/>
</testsuite> <!-- testng_Feautures.Priority -->
